▲ Next.js 16.2.7
- Local:         http://localhost:3000
- Network:       http://0.0.0.0:3000
✓ Ready in 0ms
⨯ The requested resource isn't a valid image for /assets/bar-immunity-DebNTmhV.jpg received null
⨯ The requested resource isn't a valid image for /assets/bar-skin-Db_FUOyo.jpg received null
⨯ The requested resource isn't a valid image for /assets/bar-energy-Cdvww9cM.jpg received null
⨯ The requested resource isn't a valid image for /assets/bar-immunity-DebNTmhV.jpg received null
⨯ The requested resource isn't a valid image for /assets/bar-skin-Db_FUOyo.jpg received null
⨯ The requested resource isn't a valid image for /assets/bar-energy-Cdvww9cM.jpg received null
⨯ The requested resource isn't a valid image for /assets/bar-immunity-DebNTmhV.jpg received null
⨯ The requested resource isn't a valid image for /assets/bar-skin-Db_FUOyo.jpg received null
⨯ The requested resource isn't a valid image for /assets/bar-energy-Cdvww9cM.jpg received null
⨯ The requested resource isn't a valid image for /assets/bar-immunity-DebNTmhV.jpg received null
⨯ The requested resource isn't a valid image for /assets/bar-skin-Db_FUOyo.jpg received null
⨯ The requested resource isn't a valid image for /assets/bar-energy-Cdvww9cM.jpg received null
⨯ The requested resource isn't a valid image for /assets/bar-immunity-DebNTmhV.jpg received null
⨯ The requested resource isn't a valid image for /assets/bar-skin-Db_FUOyo.jpg received null
⨯ The requested resource isn't a valid image for /assets/bar-energy-Cdvww9cM.jpg received null
⨯ The requested resource isn't a valid image for /assets/bar-immunity-DebNTmhV.jpg received null
⨯ The requested resource isn't a valid image for /assets/bar-skin-Db_FUOyo.jpg received null
⨯ The requested resource isn't a valid image for /assets/bar-energy-Cdvww9cM.jpg received null
